<?xml version="1.0" encoding="UTF-8"?>
<!-- Generated by org.testng.reporters.JUnitXMLReporter -->
<testsuite ignored="0" hostname="L005370" failures="0" tests="3" name="ChromeTest" time="27.539" errors="0" timestamp="2020-03-01T11:06:04 IST">
  <testcase classname="com.seleniumeasy.BrowserHandling.BrowserHandling" name="@BeforeTest browserLaunching" time="0.031">
    <failure type="java.lang.NullPointerException">
      <![CDATA[java.lang.NullPointerException
at com.seleniumeasy.BrowserHandling.BrowserHandling.browserLaunching(BrowserHandling.java:38)
at java.base/java.util.concurrent.FutureTask.run(FutureTask.java:264)
at java.base/java.util.concurrent.ThreadPoolExecutor.runWorker(ThreadPoolExecutor.java:1128)
at java.base/java.util.concurrent.ThreadPoolExecutor$Worker.run(ThreadPoolExecutor.java:628)
at java.base/java.lang.Thread.run(Thread.java:835)
... Removed 15 stack frames]]>
    </failure>
  </testcase> <!-- @BeforeTest browserLaunching -->
  <testcase classname="com.seleniumeasy.RunnerClass.DriverScript" name="@BeforeClass initClass" time="-1.583040937412E9">
    <skipped/>
  </testcase> <!-- @BeforeClass initClass -->
  <testcase classname="com.seleniumeasy.BrowserHandling.BrowserHandling" name="@AfterTest browserTearDown" time="-1.583040938531E9">
    <skipped/>
  </testcase> <!-- @AfterTest browserTearDown -->
  <testcase classname="com.seleniumeasy.RunnerClass.DriverScript" name="sampleFormTest" time="0.0">
    <skipped/>
  </testcase> <!-- sampleFormTest -->
  <testcase classname="com.seleniumeasy.RunnerClass.DriverScript" name="sampleFormTest" time="0.0">
    <skipped/>
  </testcase> <!-- sampleFormTest -->
  <testcase classname="com.seleniumeasy.RunnerClass.DriverScript" name="sampleFormTest" time="8.264"/>
</testsuite> <!-- ChromeTest -->
